d:\workspace\slam-server\slam-server\debug\slam-server.pch
d:\workspace\slam-server\slam-server\debug\vc120.pdb
d:\workspace\slam-server\slam-server\debug\vc120.idb
d:\workspace\slam-server\slam-server\debug\stdafx.obj
d:\workspace\slam-server\slam-server\debug\ccomclient.obj
d:\workspace\slam-server\slam-server\debug\memdata.obj
d:\workspace\slam-server\slam-server\debug\mytypedef.obj
d:\workspace\slam-server\slam-server\debug\sharememory.obj
d:\workspace\slam-server\slam-server\debug\slam-server.obj
d:\workspace\slam-server\slam-server\debug\mydatabase.obj
d:\workspace\slam-server\debug\slam-server.lib
d:\workspace\slam-server\debug\slam-server.exp
d:\workspace\slam-server\slam-server\debug\msado15.tli
d:\workspace\slam-server\slam-server\debug\msado15.tlh
d:\workspace\slam-server\debug\slam-server.pdb
d:\workspace\slam-server\slam-server\debug\slam-server.tlog\cl.command.1.tlog
d:\workspace\slam-server\slam-server\debug\slam-server.tlog\cl.read.1.tlog
d:\workspace\slam-server\slam-server\debug\slam-server.tlog\cl.write.1.tlog
d:\workspace\slam-server\slam-server\debug\slam-server.tlog\link.8516-cvtres.read.1.tlog
d:\workspace\slam-server\slam-server\debug\slam-server.tlog\link.8516-cvtres.write.1.tlog
d:\workspace\slam-server\slam-server\debug\slam-server.tlog\link.8516-mt.read.1.tlog
d:\workspace\slam-server\slam-server\debug\slam-server.tlog\link.8516-mt.write.1.tlog
d:\workspace\slam-server\slam-server\debug\slam-server.tlog\link.8516-rc.read.1.tlog
d:\workspace\slam-server\slam-server\debug\slam-server.tlog\link.8516-rc.write.1.tlog
d:\workspace\slam-server\slam-server\debug\slam-server.tlog\link.8516.read.1.tlog
d:\workspace\slam-server\slam-server\debug\slam-server.tlog\link.8516.write.1.tlog
d:\workspace\slam-server\slam-server\debug\slam-server.tlog\link.command.1.tlog
d:\workspace\slam-server\slam-server\debug\slam-server.tlog\link.read.1.tlog
d:\workspace\slam-server\slam-server\debug\slam-server.tlog\link.write.1.tlog
d:\workspace\slam-server\slam-server\debug\slam-server.tlog\slam-server.write.1u.tlog
