d:\workspace\childprocess\childprocess\debug\childprocess.pch
d:\workspace\childprocess\childprocess\debug\vc120.pdb
d:\workspace\childprocess\childprocess\debug\vc120.idb
d:\workspace\childprocess\childprocess\debug\stdafx.obj
d:\workspace\childprocess\childprocess\debug\childprocess.obj
d:\workspace\childprocess\childprocess\debug\jsoncomm.obj
d:\workspace\childprocess\childprocess\debug\memdata.obj
d:\workspace\childprocess\childprocess\debug\mydatabase.obj
d:\workspace\childprocess\childprocess\debug\mytypedef.obj
d:\workspace\childprocess\childprocess\debug\sharememory.obj
d:\workspace\childprocess\childprocess\debug\msado15.tli
d:\workspace\childprocess\childprocess\debug\msado15.tlh
d:\workspace\childprocess\debug\childprocess.pdb
d:\workspace\childprocess\debug\childprocess.exe
d:\workspace\childprocess\debug\childprocess.ilk
d:\workspace\childprocess\childprocess\debug\childprocess.tlog\cl.command.1.tlog
d:\workspace\childprocess\childprocess\debug\childprocess.tlog\cl.read.1.tlog
d:\workspace\childprocess\childprocess\debug\childprocess.tlog\cl.write.1.tlog
d:\workspace\childprocess\childprocess\debug\childprocess.tlog\link.command.1.tlog
d:\workspace\childprocess\childprocess\debug\childprocess.tlog\link.read.1.tlog
d:\workspace\childprocess\childprocess\debug\childprocess.tlog\link.write.1.tlog
