生成启动时间为 2018/3/19 11:28:17。
     1>项目“D:\workspace\childprocess\childprocess\childprocess.vcxproj”在节点 2 上(Build 个目标)。
     1>ClCompile:
         C:\Program Files (x86)\Microsoft Visual Studio 12.0\VC\bin\CL.exe /c /ID:\workspace\childprocess\childprocess\include /ZI /nologo /W3 /WX- /sdl /Od /Oy- /D WIN32 /D _DEBUG /D _CONSOLE /D _LIB /D _UNICODE /D UNICODE /D _AFXDLL /Gm /EHsc /RTC1 /MTd /GS /fp:precise /Zc:wchar_t /Zc:forScope /Yu"stdafx.h" /Fp"Debug\childprocess.pch" /Fo"Debug\\" /Fd"Debug\vc120.pdb" /Gd /TP /analyze- /errorReport:prompt Jsoncomm.cpp childprocess.cpp memdata.cpp
         Jsoncomm.cpp
         正在生成代码...
         正在编译...
         childprocess.cpp
         正在生成代码...
         正在跳过...(未检测到相关更改)
         memdata.cpp
       Link:
         C:\Program Files (x86)\Microsoft Visual Studio 12.0\VC\bin\link.exe /ERRORREPORT:PROMPT /OUT:"D:\workspace\childprocess\Debug\childprocess.exe" /INCREMENTAL /NOLOGO /LIBPATH:D:\workspace\childprocess\childprocess\include /LIBPATH:D:\workspace\childprocess\childprocess\lib json_vc71_libmtd.lib /MANIFEST /MANIFESTUAC:"level='asInvoker' uiAccess='false'" /manifest:embed /manifestinput:"C:\Program Files (x86)\Microsoft Visual Studio 12.0\VC\Include\Manifest\dpiaware.manifest" /DEBUG /PDB:"D:\workspace\childprocess\Debug\childprocess.pdb" /SUBSYSTEM:CONSOLE /TLBID:1 /DYNAMICBASE /NXCOMPAT /IMPLIB:"D:\workspace\childprocess\Debug\childprocess.lib" /MACHINE:X86 Debug\childprocess.obj
         Debug\Jsoncomm.obj
         Debug\memdata.obj
         Debug\MyDatabase.obj
         Debug\mytypedef.obj
         Debug\ShareMemory.obj
         Debug\stdafx.obj
         childprocess.vcxproj -> D:\workspace\childprocess\Debug\childprocess.exe
     1>已完成生成项目“D:\workspace\childprocess\childprocess\childprocess.vcxproj”(Build 个目标)的操作。

生成成功。

已用时间 00:00:01.26
